<?xml version="1.0" encoding="UTF-8"?>
<testsuite name="com.library.app.category.repository.CategoryRepositoryUTest" time="1.198" tests="1" errors="1" skipped="0" failures="0">
  <properties>
[...]
</properties>
  <testcase name="addCategoryAndFindIt" classname="com.library.app.category.repository.CategoryRepositoryUTest" time="1.198">
    <error message="id to load is required for loading" type="java.lang.IllegalArgumentException"><![CDATA[java.lang.IllegalArgumentException: id to load is required for loading
	at org.hibernate.event.spi.LoadEvent.<init>(LoadEvent.java:109)
	at org.hibernate.event.spi.LoadEvent.<init>(LoadEvent.java:79)
	at org.hibernate.internal.SessionImpl$IdentifierLoadAccessImpl.load(SessionImpl.java:2548)
	at org.hibernate.internal.SessionImpl.get(SessionImpl.java:955)
	at org.hibernate.jpa.spi.AbstractEntityManagerImpl.find(AbstractEntityManagerImpl.java:1110)
	at org.hibernate.jpa.spi.AbstractEntityManagerImpl.find(AbstractEntityManagerImpl.java:1068)
	at com.library.app.category.repository.CategoryRepository.findById(CategoryRepository.java:17)
	at com.library.app.category.repository.CategoryRepositoryUTest.addCategoryAndFindIt(CategoryRepositoryUTest.java:46)
]]></error>
    <system-out><![CDATA[Hibernate: 
    drop table category if exists
Hibernate: 
    create table category (
        id bigint generated by default as identity (start with 1),
        name varchar(255),
        primary key (id)
    )
Hibernate: 
    alter table category 
        add constraint UK_46ccwnsi9409t36lurvtyljak  unique (name)
beginning txn 
Hibernate: 
    insert 
    into
        category
        (id, name) 
    values
        (default, ?)
committed txn
Hibernate: 
    drop table category if exists
]]></system-out>
    <system-err><![CDATA[Jan 12, 2017 11:25:52 PM org.hibernate.ejb.HibernatePersistence logDeprecation
WARN: HHH015016: Encountered a deprecated javax.persistence.spi.PersistenceProvider [org.hibernate.ejb.HibernatePersistence]; use [org.hibernate.jpa.HibernatePersistenceProvider] instead.
Jan 12, 2017 11:25:52 PM org.hibernate.ejb.HibernatePersistence logDeprecation
WARN: HHH015016: Encountered a deprecated javax.persistence.spi.PersistenceProvider [org.hibernate.ejb.HibernatePersistence]; use [org.hibernate.jpa.HibernatePersistenceProvider] instead.
Jan 12, 2017 11:25:52 PM org.hibernate.ejb.HibernatePersistence logDeprecation
WARN: HHH015016: Encountered a deprecated javax.persistence.spi.PersistenceProvider [org.hibernate.ejb.HibernatePersistence]; use [org.hibernate.jpa.HibernatePersistenceProvider] instead.
Jan 12, 2017 11:25:53 PM org.hibernate.jpa.internal.util.LogHelper logPersistenceUnitInformation
INFO: HHH000204: Processing PersistenceUnitInfo [
	name: libraryPU
	...]
Jan 12, 2017 11:25:53 PM org.hibernate.Version logVersion
INFO: HHH000412: Hibernate Core {4.3.7.Final}
Jan 12, 2017 11:25:53 PM org.hibernate.cfg.Environment <clinit>
INFO: HHH000206: hibernate.properties not found
Jan 12, 2017 11:25:53 PM org.hibernate.cfg.Environment buildBytecodeProvider
INFO: HHH000021: Bytecode provider name : javassist
Jan 12, 2017 11:25:53 PM org.hibernate.annotations.common.reflection.java.JavaReflectionManager <clinit>
INFO: HCANN000001: Hibernate Commons Annotations {4.0.5.Final}
Jan 12, 2017 11:25:53 PM org.hibernate.engine.jdbc.connections.internal.DriverManagerConnectionProviderImpl configure
WARN: HHH000402: Using Hibernate built-in connection pool (not for production use!)
Jan 12, 2017 11:25:53 PM org.hibernate.engine.jdbc.connections.internal.DriverManagerConnectionProviderImpl buildCreator
INFO: HHH000401: using driver [org.hsqldb.jdbcDriver] at URL [jdbc:hsqldb:mem:testdb]
Jan 12, 2017 11:25:53 PM org.hibernate.engine.jdbc.connections.internal.DriverManagerConnectionProviderImpl buildCreator
INFO: HHH000046: Connection properties: {user=sa}
Jan 12, 2017 11:25:53 PM org.hibernate.engine.jdbc.connections.internal.DriverManagerConnectionProviderImpl buildCreator
INFO: HHH000006: Autocommit mode: false
Jan 12, 2017 11:25:53 PM org.hibernate.engine.jdbc.connections.internal.DriverManagerConnectionProviderImpl configure
INFO: HHH000115: Hibernate connection pool size: 20 (min=1)
Jan 12, 2017 11:25:53 PM org.hibernate.dialect.Dialect <init>
INFO: HHH000400: Using dialect: org.hibernate.dialect.HSQLDialect
Jan 12, 2017 11:25:53 PM org.hibernate.hql.internal.ast.ASTQueryTranslatorFactory <init>
INFO: HHH000397: Using ASTQueryTranslatorFactory
Jan 12, 2017 11:25:53 PM org.hibernate.validator.internal.util.Version <clinit>
INFO: HV000001: Hibernate Validator 5.1.3.Final
Jan 12, 2017 11:25:54 PM org.hibernate.tool.hbm2ddl.SchemaExport execute
INFO: HHH000227: Running hbm2ddl schema export
Jan 12, 2017 11:25:54 PM org.hibernate.tool.hbm2ddl.SchemaExport execute
INFO: HHH000230: Schema export complete
Jan 12, 2017 11:25:54 PM org.hibernate.tool.hbm2ddl.SchemaExport execute
INFO: HHH000227: Running hbm2ddl schema export
Jan 12, 2017 11:25:54 PM org.hibernate.tool.hbm2ddl.SchemaExport execute
INFO: HHH000230: Schema export complete
Jan 12, 2017 11:25:54 PM org.hibernate.engine.jdbc.connections.internal.DriverManagerConnectionProviderImpl stop
INFO: HHH000030: Cleaning up connection pool [jdbc:hsqldb:mem:testdb]
]]></system-err>
  </testcase>
</testsuite>